<?xml version="1.0" encoding="UTF-8"?>
<testsuite xmlns:xsi="http://www.w3.org/2001/XMLSchema-instance" xsi:noNamespaceSchemaLocation="https://maven.apache.org/surefire/maven-surefire-plugin/xsd/surefire-test-report-3.0.xsd" version="3.0" name="tw.waterballsa.order.cucumber.RunCucumberTest" time="0.19" tests="7" errors="0" skipped="0" failures="0">
  <properties>
[...]
</properties>
  <testcase name="建立基本訂單" classname="訂單處理與優惠計算" time="0.071">
    <system-out><![CDATA[
場景: 建立基本訂單              &amp#27;[90m# features/order.feature:7&amp#27;[0m
  &amp#27;[32m假設&amp#27;[0m&amp#27;[32m系統中有以下商品:&amp#27;[0m           &amp#27;[90m# tw.waterballsa.order.cucumber.OrderStepDefinitions.系統中有以下商品(io.cucumber.datatable.DataTable)&amp#27;[0m
    | 商品編號 | 商品名稱 | 單價  |
    | P001 | 商品A  | 100 |
    | P002 | 商品B  | 200 |
  &amp#27;[32m當&amp#27;[0m&amp#27;[32m客戶 &amp#27;[0m&amp#27;[32m&amp#27;[1m"張三"&amp#27;[0m&amp#27;[32m 建立訂單，包含以下商品:&amp#27;[0m &amp#27;[90m# tw.waterballsa.order.cucumber.OrderStepDefinitions.客戶建立訂單(java.lang.String,io.cucumber.datatable.DataTable)&amp#27;[0m
    | 商品編號 | 數量 |
    | P001 | 2  |
    | P002 | 1  |
  &amp#27;[32m那麼&amp#27;[0m&amp#27;[32m訂單總金額應為 &amp#27;[0m&amp#27;[32m&amp#27;[1m400&amp#27;[0m&amp#27;[32m 元&amp#27;[0m       &amp#27;[90m# tw.waterballsa.order.cucumber.OrderStepDefinitions.訂單總金額應為(int)&amp#27;[0m
  &amp#27;[32m而且&amp#27;[0m&amp#27;[32m訂單狀態應為 &amp#27;[0m&amp#27;[32m&amp#27;[1m"已建立"&amp#27;[0m        &amp#27;[90m# tw.waterballsa.order.cucumber.OrderStepDefinitions.訂單狀態應為(java.lang.String)&amp#27;[0m
]]></system-out>
  </testcase>
  <testcase name="滿額折扣優惠" classname="訂單處理與優惠計算" time="0.008">
    <system-out><![CDATA[
場景: 滿額折扣優惠                   &amp#27;[90m# features/order.feature:19&amp#27;[0m
  &amp#27;[32m假設&amp#27;[0m&amp#27;[32m系統中有以下商品:&amp#27;[0m                &amp#27;[90m# tw.waterballsa.order.cucumber.OrderStepDefinitions.系統中有以下商品(io.cucumber.datatable.DataTable)&amp#27;[0m
    | 商品編號 | 商品名稱 | 單價  |
    | P001 | 商品A  | 100 |
    | P002 | 商品B  | 200 |
  &amp#27;[32m而且&amp#27;[0m&amp#27;[32m系統有滿額折扣優惠: 滿 &amp#27;[0m&amp#27;[32m&amp#27;[1m500&amp#27;[0m&amp#27;[32m 元折 &amp#27;[0m&amp#27;[32m&amp#27;[1m50&amp#27;[0m&amp#27;[32m 元&amp#27;[0m &amp#27;[90m# tw.waterballsa.order.cucumber.OrderStepDefinitions.系統有滿額折扣優惠(int,int)&amp#27;[0m
  &amp#27;[32m當&amp#27;[0m&amp#27;[32m客戶 &amp#27;[0m&amp#27;[32m&amp#27;[1m"李四"&amp#27;[0m&amp#27;[32m 建立訂單，包含以下商品:&amp#27;[0m      &amp#27;[90m# tw.waterballsa.order.cucumber.OrderStepDefinitions.客戶建立訂單(java.lang.String,io.cucumber.datatable.DataTable)&amp#27;[0m
    | 商品編號 | 數量 |
    | P001 | 3  |
    | P002 | 1  |
  &amp#27;[32m那麼&amp#27;[0m&amp#27;[32m訂單原始金額應為 &amp#27;[0m&amp#27;[32m&amp#27;[1m500&amp#27;[0m&amp#27;[32m 元&amp#27;[0m           &amp#27;[90m# tw.waterballsa.order.cucumber.OrderStepDefinitions.訂單原始金額應為(int)&amp#27;[0m
  &amp#27;[32m而且&amp#27;[0m&amp#27;[32m訂單折扣金額應為 &amp#27;[0m&amp#27;[32m&amp#27;[1m50&amp#27;[0m&amp#27;[32m 元&amp#27;[0m            &amp#27;[90m# tw.waterballsa.order.cucumber.OrderStepDefinitions.訂單折扣金額應為(int)&amp#27;[0m
  &amp#27;[32m而且&amp#27;[0m&amp#27;[32m訂單總金額應為 &amp#27;[0m&amp#27;[32m&amp#27;[1m450&amp#27;[0m&amp#27;[32m 元&amp#27;[0m            &amp#27;[90m# tw.waterballsa.order.cucumber.OrderStepDefinitions.訂單總金額應為(int)&amp#27;[0m
]]></system-out>
  </testcase>
  <testcase name="商品折扣優惠" classname="訂單處理與優惠計算" time="0.01">
    <system-out><![CDATA[
場景: 商品折扣優惠              &amp#27;[90m# features/order.feature:33&amp#27;[0m
  &amp#27;[32m假設&amp#27;[0m&amp#27;[32m系統中有以下商品:&amp#27;[0m           &amp#27;[90m# tw.waterballsa.order.cucumber.OrderStepDefinitions.系統中有以下商品(io.cucumber.datatable.DataTable)&amp#27;[0m
    | 商品編號 | 商品名稱 | 單價  |
    | P001 | 商品A  | 100 |
    | P002 | 商品B  | 200 |
  &amp#27;[32m而且&amp#27;[0m&amp#27;[32m商品 &amp#27;[0m&amp#27;[32m&amp#27;[1m"P001"&amp#27;[0m&amp#27;[32m 有 &amp#27;[0m&amp#27;[32m&amp#27;[1m9&amp#27;[0m&amp#27;[32m 折優惠&amp#27;[0m   &amp#27;[90m# tw.waterballsa.order.cucumber.OrderStepDefinitions.商品有折扣優惠(java.lang.String,int)&amp#27;[0m
  &amp#27;[32m當&amp#27;[0m&amp#27;[32m客戶 &amp#27;[0m&amp#27;[32m&amp#27;[1m"王五"&amp#27;[0m&amp#27;[32m 建立訂單，包含以下商品:&amp#27;[0m &amp#27;[90m# tw.waterballsa.order.cucumber.OrderStepDefinitions.客戶建立訂單(java.lang.String,io.cucumber.datatable.DataTable)&amp#27;[0m
    | 商品編號 | 數量 |
    | P001 | 2  |
    | P002 | 1  |
  &amp#27;[32m那麼&amp#27;[0m&amp#27;[32m訂單原始金額應為 &amp#27;[0m&amp#27;[32m&amp#27;[1m400&amp#27;[0m&amp#27;[32m 元&amp#27;[0m      &amp#27;[90m# tw.waterballsa.order.cucumber.OrderStepDefinitions.訂單原始金額應為(int)&amp#27;[0m
  &amp#27;[32m而且&amp#27;[0m&amp#27;[32m訂單折扣金額應為 &amp#27;[0m&amp#27;[32m&amp#27;[1m20&amp#27;[0m&amp#27;[32m 元&amp#27;[0m       &amp#27;[90m# tw.waterballsa.order.cucumber.OrderStepDefinitions.訂單折扣金額應為(int)&amp#27;[0m
  &amp#27;[32m而且&amp#27;[0m&amp#27;[32m訂單總金額應為 &amp#27;[0m&amp#27;[32m&amp#27;[1m380&amp#27;[0m&amp#27;[32m 元&amp#27;[0m       &amp#27;[90m# tw.waterballsa.order.cucumber.OrderStepDefinitions.訂單總金額應為(int)&amp#27;[0m
]]></system-out>
  </testcase>
  <testcase name="買二送一優惠" classname="訂單處理與優惠計算" time="0.008">
    <system-out><![CDATA[
場景: 買二送一優惠              &amp#27;[90m# features/order.feature:47&amp#27;[0m
  &amp#27;[32m假設&amp#27;[0m&amp#27;[32m系統中有以下商品:&amp#27;[0m           &amp#27;[90m# tw.waterballsa.order.cucumber.OrderStepDefinitions.系統中有以下商品(io.cucumber.datatable.DataTable)&amp#27;[0m
    | 商品編號 | 商品名稱 | 單價  |
    | P001 | 商品A  | 100 |
  &amp#27;[32m而且&amp#27;[0m&amp#27;[32m商品 &amp#27;[0m&amp#27;[32m&amp#27;[1m"P001"&amp#27;[0m&amp#27;[32m 有買二送一優惠&amp#27;[0m   &amp#27;[90m# tw.waterballsa.order.cucumber.OrderStepDefinitions.商品有買二送一優惠(java.lang.String)&amp#27;[0m
  &amp#27;[32m當&amp#27;[0m&amp#27;[32m客戶 &amp#27;[0m&amp#27;[32m&amp#27;[1m"趙六"&amp#27;[0m&amp#27;[32m 建立訂單，包含以下商品:&amp#27;[0m &amp#27;[90m# tw.waterballsa.order.cucumber.OrderStepDefinitions.客戶建立訂單(java.lang.String,io.cucumber.datatable.DataTable)&amp#27;[0m
    | 商品編號 | 數量 |
    | P001 | 3  |
  &amp#27;[32m那麼&amp#27;[0m&amp#27;[32m訂單原始金額應為 &amp#27;[0m&amp#27;[32m&amp#27;[1m300&amp#27;[0m&amp#27;[32m 元&amp#27;[0m      &amp#27;[90m# tw.waterballsa.order.cucumber.OrderStepDefinitions.訂單原始金額應為(int)&amp#27;[0m
  &amp#27;[32m而且&amp#27;[0m&amp#27;[32m訂單折扣金額應為 &amp#27;[0m&amp#27;[32m&amp#27;[1m100&amp#27;[0m&amp#27;[32m 元&amp#27;[0m      &amp#27;[90m# tw.waterballsa.order.cucumber.OrderStepDefinitions.訂單折扣金額應為(int)&amp#27;[0m
  &amp#27;[32m而且&amp#27;[0m&amp#27;[32m訂單總金額應為 &amp#27;[0m&amp#27;[32m&amp#27;[1m200&amp#27;[0m&amp#27;[32m 元&amp#27;[0m       &amp#27;[90m# tw.waterballsa.order.cucumber.OrderStepDefinitions.訂單總金額應為(int)&amp#27;[0m
]]></system-out>
  </testcase>
  <testcase name="組合優惠" classname="訂單處理與優惠計算" time="0.009">
    <system-out><![CDATA[
場景: 組合優惠                            &amp#27;[90m# features/order.feature:59&amp#27;[0m
  &amp#27;[32m假設&amp#27;[0m&amp#27;[32m系統中有以下商品:&amp#27;[0m                       &amp#27;[90m# tw.waterballsa.order.cucumber.OrderStepDefinitions.系統中有以下商品(io.cucumber.datatable.DataTable)&amp#27;[0m
    | 商品編號 | 商品名稱 | 單價  |
    | P001 | 商品A  | 100 |
    | P002 | 商品B  | 200 |
  &amp#27;[32m而且&amp#27;[0m&amp#27;[32m商品組合 &amp#27;[0m&amp#27;[32m&amp#27;[1m"P001"&amp#27;[0m&amp#27;[32m 和 &amp#27;[0m&amp#27;[32m&amp#27;[1m"P002"&amp#27;[0m&amp#27;[32m 有優惠價 &amp#27;[0m&amp#27;[32m&amp#27;[1m250&amp#27;[0m&amp#27;[32m 元&amp#27;[0m &amp#27;[90m# tw.waterballsa.order.cucumber.OrderStepDefinitions.商品組合有優惠價(java.lang.String,java.lang.String,int)&amp#27;[0m
  &amp#27;[32m當&amp#27;[0m&amp#27;[32m客戶 &amp#27;[0m&amp#27;[32m&amp#27;[1m"錢七"&amp#27;[0m&amp#27;[32m 建立訂單，包含以下商品:&amp#27;[0m             &amp#27;[90m# tw.waterballsa.order.cucumber.OrderStepDefinitions.客戶建立訂單(java.lang.String,io.cucumber.datatable.DataTable)&amp#27;[0m
    | 商品編號 | 數量 |
    | P001 | 1  |
    | P002 | 1  |
  &amp#27;[32m那麼&amp#27;[0m&amp#27;[32m訂單原始金額應為 &amp#27;[0m&amp#27;[32m&amp#27;[1m300&amp#27;[0m&amp#27;[32m 元&amp#27;[0m                  &amp#27;[90m# tw.waterballsa.order.cucumber.OrderStepDefinitions.訂單原始金額應為(int)&amp#27;[0m
  &amp#27;[32m而且&amp#27;[0m&amp#27;[32m訂單折扣金額應為 &amp#27;[0m&amp#27;[32m&amp#27;[1m50&amp#27;[0m&amp#27;[32m 元&amp#27;[0m                   &amp#27;[90m# tw.waterballsa.order.cucumber.OrderStepDefinitions.訂單折扣金額應為(int)&amp#27;[0m
  &amp#27;[32m而且&amp#27;[0m&amp#27;[32m訂單總金額應為 &amp#27;[0m&amp#27;[32m&amp#27;[1m250&amp#27;[0m&amp#27;[32m 元&amp#27;[0m                   &amp#27;[90m# tw.waterballsa.order.cucumber.OrderStepDefinitions.訂單總金額應為(int)&amp#27;[0m
]]></system-out>
  </testcase>
  <testcase name="會員等級折扣" classname="訂單處理與優惠計算" time="0.007">
    <system-out><![CDATA[
場景: 會員等級折扣                       &amp#27;[90m# features/order.feature:73&amp#27;[0m
  &amp#27;[32m假設&amp#27;[0m&amp#27;[32m系統中有以下商品:&amp#27;[0m                    &amp#27;[90m# tw.waterballsa.order.cucumber.OrderStepDefinitions.系統中有以下商品(io.cucumber.datatable.DataTable)&amp#27;[0m
    | 商品編號 | 商品名稱 | 單價  |
    | P001 | 商品A  | 100 |
    | P002 | 商品B  | 200 |
  &amp#27;[32m而且&amp#27;[0m&amp#27;[32m客戶 &amp#27;[0m&amp#27;[32m&amp#27;[1m"孫八"&amp#27;[0m&amp#27;[32m 是 &amp#27;[0m&amp#27;[32m&amp#27;[1m"VIP"&amp#27;[0m&amp#27;[32m 會員，享有 &amp#27;[0m&amp#27;[32m&amp#27;[1m95&amp#27;[0m&amp#27;[32m 折優惠&amp#27;[0m &amp#27;[90m# tw.waterballsa.order.cucumber.OrderStepDefinitions.客戶是會員享有折扣優惠(java.lang.String,java.lang.String,int)&amp#27;[0m
  &amp#27;[32m當&amp#27;[0m&amp#27;[32m客戶 &amp#27;[0m&amp#27;[32m&amp#27;[1m"孫八"&amp#27;[0m&amp#27;[32m 建立訂單，包含以下商品:&amp#27;[0m          &amp#27;[90m# tw.waterballsa.order.cucumber.OrderStepDefinitions.客戶建立訂單(java.lang.String,io.cucumber.datatable.DataTable)&amp#27;[0m
    | 商品編號 | 數量 |
    | P001 | 2  |
    | P002 | 1  |
  &amp#27;[32m那麼&amp#27;[0m&amp#27;[32m訂單原始金額應為 &amp#27;[0m&amp#27;[32m&amp#27;[1m400&amp#27;[0m&amp#27;[32m 元&amp#27;[0m               &amp#27;[90m# tw.waterballsa.order.cucumber.OrderStepDefinitions.訂單原始金額應為(int)&amp#27;[0m
  &amp#27;[32m而且&amp#27;[0m&amp#27;[32m訂單折扣金額應為 &amp#27;[0m&amp#27;[32m&amp#27;[1m20&amp#27;[0m&amp#27;[32m 元&amp#27;[0m                &amp#27;[90m# tw.waterballsa.order.cucumber.OrderStepDefinitions.訂單折扣金額應為(int)&amp#27;[0m
  &amp#27;[32m而且&amp#27;[0m&amp#27;[32m訂單總金額應為 &amp#27;[0m&amp#27;[32m&amp#27;[1m380&amp#27;[0m&amp#27;[32m 元&amp#27;[0m                &amp#27;[90m# tw.waterballsa.order.cucumber.OrderStepDefinitions.訂單總金額應為(int)&amp#27;[0m
]]></system-out>
  </testcase>
  <testcase name="多重優惠疊加" classname="訂單處理與優惠計算" time="0.006">
    <system-out><![CDATA[
場景: 多重優惠疊加                       &amp#27;[90m# features/order.feature:87&amp#27;[0m
  &amp#27;[32m假設&amp#27;[0m&amp#27;[32m系統中有以下商品:&amp#27;[0m                    &amp#27;[90m# tw.waterballsa.order.cucumber.OrderStepDefinitions.系統中有以下商品(io.cucumber.datatable.DataTable)&amp#27;[0m
    | 商品編號 | 商品名稱 | 單價  |
    | P001 | 商品A  | 100 |
    | P002 | 商品B  | 200 |
  &amp#27;[32m而且&amp#27;[0m&amp#27;[32m商品 &amp#27;[0m&amp#27;[32m&amp#27;[1m"P001"&amp#27;[0m&amp#27;[32m 有 &amp#27;[0m&amp#27;[32m&amp#27;[1m9&amp#27;[0m&amp#27;[32m 折優惠&amp#27;[0m            &amp#27;[90m# tw.waterballsa.order.cucumber.OrderStepDefinitions.商品有折扣優惠(java.lang.String,int)&amp#27;[0m
  &amp#27;[32m而且&amp#27;[0m&amp#27;[32m客戶 &amp#27;[0m&amp#27;[32m&amp#27;[1m"周九"&amp#27;[0m&amp#27;[32m 是 &amp#27;[0m&amp#27;[32m&amp#27;[1m"VIP"&amp#27;[0m&amp#27;[32m 會員，享有 &amp#27;[0m&amp#27;[32m&amp#27;[1m95&amp#27;[0m&amp#27;[32m 折優惠&amp#27;[0m &amp#27;[90m# tw.waterballsa.order.cucumber.OrderStepDefinitions.客戶是會員享有折扣優惠(java.lang.String,java.lang.String,int)&amp#27;[0m
  &amp#27;[32m當&amp#27;[0m&amp#27;[32m客戶 &amp#27;[0m&amp#27;[32m&amp#27;[1m"周九"&amp#27;[0m&amp#27;[32m 建立訂單，包含以下商品:&amp#27;[0m          &amp#27;[90m# tw.waterballsa.order.cucumber.OrderStepDefinitions.客戶建立訂單(java.lang.String,io.cucumber.datatable.DataTable)&amp#27;[0m
    | 商品編號 | 數量 |
    | P001 | 2  |
    | P002 | 1  |
  &amp#27;[32m那麼&amp#27;[0m&amp#27;[32m訂單原始金額應為 &amp#27;[0m&amp#27;[32m&amp#27;[1m400&amp#27;[0m&amp#27;[32m 元&amp#27;[0m               &amp#27;[90m# tw.waterballsa.order.cucumber.OrderStepDefinitions.訂單原始金額應為(int)&amp#27;[0m
  &amp#27;[32m而且&amp#27;[0m&amp#27;[32m訂單折扣金額應為 &amp#27;[0m&amp#27;[32m&amp#27;[1m39&amp#27;[0m&amp#27;[32m 元&amp#27;[0m                &amp#27;[90m# tw.waterballsa.order.cucumber.OrderStepDefinitions.訂單折扣金額應為(int)&amp#27;[0m
  &amp#27;[32m而且&amp#27;[0m&amp#27;[32m訂單總金額應為 &amp#27;[0m&amp#27;[32m&amp#27;[1m361&amp#27;[0m&amp#27;[32m 元&amp#27;[0m                &amp#27;[90m# tw.waterballsa.order.cucumber.OrderStepDefinitions.訂單總金額應為(int)&amp#27;[0m
]]></system-out>
  </testcase>
</testsuite>